1533699600580	geckodriver	INFO	geckodriver 0.21.0
1533699600586	geckodriver	INFO	Listening on 127.0.0.1:53597
1533699603652	mozrunner::runner	INFO	Running command: "C:\\Program Files (x86)\\Mozilla Firefox\\firefox.exe" "-marionette" "-foreground" "-no-remote" "-profile" "C:\\Users\\karlk\\AppData\\Local\\Temp\\rust_mozprofile.mcZEoPQVnRR8"
1533699603781	addons.manager	DEBUG	Application has been upgraded
1533699603803	addons.manager	DEBUG	Loaded provider scope for resource://gre/modules/addons/XPIProvider.jsm: ["XPIProvider", "XPIInternal"]
1533699603805	addons.manager	DEBUG	Loaded provider scope for resource://gre/modules/LightweightThemeManager.jsm: ["LightweightThemeManager"]
1533699603823	addons.manager	DEBUG	Loaded provider scope for resource://gre/modules/addons/GMPProvider.jsm
1533699603824	addons.manager	DEBUG	Loaded provider scope for resource://gre/modules/addons/PluginProvider.jsm
1533699603825	addons.manager	DEBUG	Starting provider: XPIProvider
1533699603825	addons.xpi	DEBUG	startup
1533699603825	addons.xpi	INFO	SystemAddonInstallLocation directory is missing
1533699603832	addons.xpi	INFO	Removing all system add-on upgrades.
1533699603832	addons.xpi	DEBUG	checkForChanges
1533699603832	addons.xpi	DEBUG	Loaded add-on state: ${}
1533699603833	addons.xpi	DEBUG	New add-on activity-stream@mozilla.org in app-system-defaults
1533699603834	addons.xpi	DEBUG	New add-on aushelper@mozilla.org in app-system-defaults
1533699603834	addons.xpi	DEBUG	New add-on firefox@getpocket.com in app-system-defaults
1533699603835	addons.xpi	DEBUG	New add-on followonsearch@mozilla.com in app-system-defaults
1533699603835	addons.xpi	DEBUG	New add-on formautofill@mozilla.org in app-system-defaults
1533699603835	addons.xpi	DEBUG	New add-on onboarding@mozilla.org in app-system-defaults
1533699603836	addons.xpi	DEBUG	New add-on screenshots@mozilla.org in app-system-defaults
1533699603836	addons.xpi	DEBUG	New add-on webcompat-reporter@mozilla.org in app-system-defaults
1533699603836	addons.xpi	DEBUG	New add-on webcompat@mozilla.org in app-system-defaults
1533699603837	addons.xpi	DEBUG	getInstallState changed: true, state: {}
1533699603841	addons.xpi-utils	DEBUG	Opening XPI database C:\Users\karlk\AppData\Local\Temp\rust_mozprofile.mcZEoPQVnRR8\extensions.json
1533699603842	addons.xpi-utils	DEBUG	New add-on activity-stream@mozilla.org installed in app-system-defaults
*** Blocklist::_preloadBlocklistFile: blocklist is disabled
1533699603857	addons.xpi-utils	DEBUG	New add-on aushelper@mozilla.org installed in app-system-defaults
1533699603859	addons.xpi-utils	DEBUG	New add-on firefox@getpocket.com installed in app-system-defaults
1533699603862	addons.xpi-utils	DEBUG	New add-on followonsearch@mozilla.com installed in app-system-defaults
1533699603864	addons.xpi-utils	DEBUG	New add-on formautofill@mozilla.org installed in app-system-defaults
1533699603867	addons.xpi-utils	DEBUG	New add-on onboarding@mozilla.org installed in app-system-defaults
1533699603869	addons.xpi-utils	DEBUG	New add-on screenshots@mozilla.org installed in app-system-defaults
1533699603873	addons.xpi-utils	DEBUG	New add-on webcompat-reporter@mozilla.org installed in app-system-defaults
1533699603875	addons.xpi-utils	DEBUG	New add-on webcompat@mozilla.org installed in app-system-defaults
1533699603972	addons.manager	DEBUG	Registering startup change 'installed' for activity-stream@mozilla.org
1533699603975	addons.xpi	DEBUG	Loading bootstrap scope from C:\Program Files (x86)\Mozilla Firefox\browser\features\activity-stream@mozilla.org.xpi
1533699603977	addons.xpi	DEBUG	Calling bootstrap method install on activity-stream@mozilla.org version 2018.06.29.1026-fa231556
1533699603977	addons.xpi-utils	DEBUG	Make addon app-system-defaults:activity-stream@mozilla.org visible
1533699603977	addons.xpi	DEBUG	Updating XPIState for {"id":"activity-stream@mozilla.org","syncGUID":"{50879508-9184-46b6-a8d7-45140aff59f7}","location":"app-system-defaults","version":"2018.06.29.1026-fa231556","type":"extension","updateURL":null,"optionsURL":null,"optionsType":null,"aboutURL":null,"defaultLocale":{"name":"Activity Stream","description":"A rich visual history feed and a reimagined home page make it easier than ever to find exactly what you're looking for in Firefox.","creator":null,"homepageURL":null},"visible":true,"active":false,"userDisabled":false,"appDisabled":false,"installDate":1530901397599,"updateDate":1530901397599,"applyBackgroundUpdates":1,"bootstrap":true,"path":"C:\\Program Files (x86)\\Mozilla Firefox\\browser\\features\\activity-stream@mozilla.org.xpi","skinnable":false,"size":2732420,"sourceURI":null,"releaseNotesURI":null,"softDisabled":false,"foreignInstall":false,"strictCompatibility":false,"locales":[],"targetApplications":[{"id":"{ec8030f7-c20a-464f-9b0e-13a3a9e97384}","minVersion":"61.0.1","maxVersion":"61.*"}],"targetPlatforms":[],"seen":true,"dependencies":[],"hasEmbeddedWebExtension":false,"userPermissions":null,"icons":{},"iconURL":null,"icon64URL":null,"blocklistState":0,"blocklistURL":null,"startupData":null}
1533699603977	addons.manager	DEBUG	Registering startup change 'installed' for aushelper@mozilla.org
1533699603978	addons.xpi	DEBUG	Loading bootstrap scope from C:\Program Files (x86)\Mozilla Firefox\browser\features\aushelper@mozilla.org.xpi
1533699603979	addons.xpi	DEBUG	Calling bootstrap method install on aushelper@mozilla.org version 2.0
1533699603979	addons.xpi-utils	DEBUG	Make addon app-system-defaults:aushelper@mozilla.org visible
1533699603979	addons.xpi	DEBUG	Updating XPIState for {"id":"aushelper@mozilla.org","syncGUID":"{efb9c6b6-e7b3-42f0-bd83-0aeec33c156f}","location":"app-system-defaults","version":"2.0","type":"extension","updateURL":null,"optionsURL":null,"optionsType":null,"aboutURL":null,"defaultLocale":{"name":"Application Update Service Helper","description":"Sets value(s) in the update url based on custom checks.","creator":null,"homepageURL":null},"visible":true,"active":false,"userDisabled":false,"appDisabled":false,"installDate":1530901397322,"updateDate":1530901397322,"applyBackgroundUpdates":1,"bootstrap":true,"path":"C:\\Program Files (x86)\\Mozilla Firefox\\browser\\features\\aushelper@mozilla.org.xpi","skinnable":false,"size":8425,"sourceURI":null,"releaseNotesURI":null,"softDisabled":false,"foreignInstall":false,"strictCompatibility":false,"locales":[],"targetApplications":[{"id":"{ec8030f7-c20a-464f-9b0e-13a3a9e97384}","minVersion":"61.0.1","maxVersion":"61.*"}],"targetPlatforms":[],"seen":true,"dependencies":[],"hasEmbeddedWebExtension":false,"userPermissions":null,"icons":{},"iconURL":null,"icon64URL":null,"blocklistState":0,"blocklistURL":null,"startupData":null}
1533699603979	addons.manager	DEBUG	Registering startup change 'installed' for firefox@getpocket.com
1533699603979	addons.xpi	DEBUG	Loading bootstrap scope from C:\Program Files (x86)\Mozilla Firefox\browser\features\firefox@getpocket.com.xpi
1533699603982	addons.xpi	DEBUG	Calling bootstrap method install on firefox@getpocket.com version 1.0.5
1533699603982	addons.xpi-utils	DEBUG	Make addon app-system-defaults:firefox@getpocket.com visible
1533699603982	addons.xpi	DEBUG	Updating XPIState for {"id":"firefox@getpocket.com","syncGUID":"{52274230-5a09-4221-8903-dbb8e436b17f}","location":"app-system-defaults","version":"1.0.5","type":"extension","updateURL":null,"optionsURL":null,"optionsType":null,"aboutURL":null,"defaultLocale":{"name":"Pocket","description":"When you find something you want to view later, put it in Pocket.","creator":null,"homepageURL":null},"visible":true,"active":false,"userDisabled":false,"appDisabled":false,"installDate":1530901397312,"updateDate":1530901397312,"applyBackgroundUpdates":1,"bootstrap":true,"path":"C:\\Program Files (x86)\\Mozilla Firefox\\browser\\features\\firefox@getpocket.com.xpi","skinnable":false,"size":855820,"sourceURI":null,"releaseNotesURI":null,"softDisabled":false,"foreignInstall":false,"strictCompatibility":false,"locales":[],"targetApplications":[{"id":"{ec8030f7-c20a-464f-9b0e-13a3a9e97384}","minVersion":"61.0.1","maxVersion":"61.*"}],"targetPlatforms":[],"seen":true,"dependencies":[],"hasEmbeddedWebExtension":false,"userPermissions":null,"icons":{},"iconURL":null,"icon64URL":null,"blocklistState":0,"blocklistURL":null,"startupData":null}
1533699603982	addons.manager	DEBUG	Registering startup change 'installed' for followonsearch@mozilla.com
1533699603982	addons.xpi	DEBUG	Loading bootstrap scope from C:\Program Files (x86)\Mozilla Firefox\browser\features\followonsearch@mozilla.com.xpi
1533699603983	addons.xpi	DEBUG	Calling bootstrap method install on followonsearch@mozilla.com version 0.9.7
1533699603983	addons.xpi-utils	DEBUG	Make addon app-system-defaults:followonsearch@mozilla.com visible
1533699603983	addons.xpi	DEBUG	Updating XPIState for {"id":"followonsearch@mozilla.com","syncGUID":"{bd4b6f3c-da10-45de-bc8e-8c635b0d47a0}","location":"app-system-defaults","version":"0.9.7","type":"extension","updateURL":null,"optionsURL":null,"optionsType":null,"aboutURL":null,"defaultLocale":{"name":"Follow-on Search Telemetry","description":null,"creator":null,"homepageURL":null},"visible":true,"active":false,"userDisabled":false,"appDisabled":false,"installDate":1530121931557,"updateDate":1530121931557,"applyBackgroundUpdates":1,"bootstrap":true,"path":"C:\\Program Files (x86)\\Mozilla Firefox\\browser\\features\\followonsearch@mozilla.com.xpi","skinnable":false,"size":17903,"sourceURI":null,"releaseNotesURI":null,"softDisabled":false,"foreignInstall":false,"strictCompatibility":false,"locales":[],"targetApplications":[{"id":"{ec8030f7-c20a-464f-9b0e-13a3a9e97384}","minVersion":"52.0","maxVersion":"66.*"}],"targetPlatforms":[],"seen":true,"dependencies":[],"hasEmbeddedWebExtension":false,"userPermissions":null,"icons":{},"iconURL":null,"icon64URL":null,"blocklistState":0,"blocklistURL":null,"startupData":null}
1533699603984	addons.manager	DEBUG	Registering startup change 'installed' for formautofill@mozilla.org
1533699603984	addons.xpi	DEBUG	Loading bootstrap scope from C:\Program Files (x86)\Mozilla Firefox\browser\features\formautofill@mozilla.org.xpi
1533699603985	addons.xpi	DEBUG	Calling bootstrap method install on formautofill@mozilla.org version 1.0
1533699603985	addons.xpi-utils	DEBUG	Make addon app-system-defaults:formautofill@mozilla.org visible
1533699603985	addons.xpi	DEBUG	Updating XPIState for {"id":"formautofill@mozilla.org","syncGUID":"{0aa0b89a-b4a1-4fb6-8220-0509c733eb23}","location":"app-system-defaults","version":"1.0","type":"extension","updateURL":null,"optionsURL":null,"optionsType":null,"aboutURL":null,"defaultLocale":{"name":"Form Autofill","description":"Autofill forms with saved profiles","creator":null,"homepageURL":null},"visible":true,"active":false,"userDisabled":false,"appDisabled":false,"installDate":1530901397273,"updateDate":1530901397273,"applyBackgroundUpdates":1,"bootstrap":true,"path":"C:\\Program Files (x86)\\Mozilla Firefox\\browser\\features\\formautofill@mozilla.org.xpi","skinnable":false,"size":465058,"sourceURI":null,"releaseNotesURI":null,"softDisabled":false,"foreignInstall":false,"strictCompatibility":false,"locales":[],"targetApplications":[{"id":"{ec8030f7-c20a-464f-9b0e-13a3a9e97384}","minVersion":"61.0.1","maxVersion":"61.*"}],"targetPlatforms":[],"seen":true,"dependencies":[],"hasEmbeddedWebExtension":false,"userPermissions":null,"icons":{},"iconURL":null,"icon64URL":null,"blocklistState":0,"blocklistURL":null,"startupData":null}
1533699603985	addons.manager	DEBUG	Registering startup change 'installed' for onboarding@mozilla.org
1533699603985	addons.xpi	DEBUG	Loading bootstrap scope from C:\Program Files (x86)\Mozilla Firefox\browser\features\onboarding@mozilla.org.xpi
1533699603987	addons.xpi	DEBUG	Calling bootstrap method install on onboarding@mozilla.org version 1.0
1533699603987	addons.xpi-utils	DEBUG	Make addon app-system-defaults:onboarding@mozilla.org visible
1533699603987	addons.xpi	DEBUG	Updating XPIState for {"id":"onboarding@mozilla.org","syncGUID":"{5a63127a-2783-4419-aac1-505bcd5e019c}","location":"app-system-defaults","version":"1.0","type":"extension","updateURL":null,"optionsURL":null,"optionsType":null,"aboutURL":null,"defaultLocale":{"name":"Photon onboarding","description":"Photon onboarding","creator":null,"homepageURL":null},"visible":true,"active":false,"userDisabled":false,"appDisabled":false,"installDate":1530901397233,"updateDate":1530901397233,"applyBackgroundUpdates":1,"bootstrap":true,"path":"C:\\Program Files (x86)\\Mozilla Firefox\\browser\\features\\onboarding@mozilla.org.xpi","skinnable":false,"size":564181,"sourceURI":null,"releaseNotesURI":null,"softDisabled":false,"foreignInstall":false,"strictCompatibility":false,"locales":[],"targetApplications":[{"id":"{ec8030f7-c20a-464f-9b0e-13a3a9e97384}","minVersion":"61.0.1","maxVersion":"61.*"}],"targetPlatforms":[],"seen":true,"dependencies":[],"hasEmbeddedWebExtension":false,"userPermissions":null,"icons":{},"iconURL":null,"icon64URL":null,"blocklistState":0,"blocklistURL":null,"startupData":null}
1533699603987	addons.manager	DEBUG	Registering startup change 'installed' for screenshots@mozilla.org
1533699603987	addons.xpi	DEBUG	Loading bootstrap scope from C:\Program Files (x86)\Mozilla Firefox\browser\features\screenshots@mozilla.org.xpi
1533699603989	addons.xpi	DEBUG	Calling bootstrap method install on screenshots@mozilla.org version 32.1.0
1533699603989	addons.xpi-utils	DEBUG	Make addon app-system-defaults:screenshots@mozilla.org visible
1533699603989	addons.xpi	DEBUG	Updating XPIState for {"id":"screenshots@mozilla.org","syncGUID":"{4ccf0641-4e56-47bc-b38e-aa18d43438a4}","location":"app-system-defaults","version":"32.1.0","type":"extension","updateURL":null,"optionsURL":null,"optionsType":null,"aboutURL":null,"defaultLocale":{"name":"Firefox Screenshots","description":null,"creator":null,"homepageURL":"https://screenshots.firefox.com/"},"visible":true,"active":false,"userDisabled":false,"appDisabled":false,"installDate":1530121931423,"updateDate":1530121931423,"applyBackgroundUpdates":1,"bootstrap":true,"path":"C:\\Program Files (x86)\\Mozilla Firefox\\browser\\features\\screenshots@mozilla.org.xpi","skinnable":false,"size":1002421,"sourceURI":null,"releaseNotesURI":null,"softDisabled":false,"foreignInstall":false,"strictCompatibility":false,"locales":[],"targetApplications":[{"id":"{ec8030f7-c20a-464f-9b0e-13a3a9e97384}","minVersion":"57.0a1","maxVersion":"*"}],"targetPlatforms":[],"seen":true,"dependencies":[],"hasEmbeddedWebExtension":false,"userPermissions":null,"icons":{},"iconURL":null,"icon64URL":null,"blocklistState":0,"blocklistURL":null,"startupData":null}
1533699603989	addons.manager	DEBUG	Registering startup change 'installed' for webcompat-reporter@mozilla.org
1533699603989	addons.xpi	DEBUG	Loading bootstrap scope from C:\Program Files (x86)\Mozilla Firefox\browser\features\webcompat-reporter@mozilla.org.xpi
1533699603990	addons.xpi	DEBUG	Calling bootstrap method install on webcompat-reporter@mozilla.org version 1.0.0
1533699603990	addons.xpi-utils	DEBUG	Make addon app-system-defaults:webcompat-reporter@mozilla.org visible
1533699603991	addons.xpi	DEBUG	Updating XPIState for {"id":"webcompat-reporter@mozilla.org","syncGUID":"{08fa944c-414b-4d99-8090-4d431fb94583}","location":"app-system-defaults","version":"1.0.0","type":"extension","updateURL":null,"optionsURL":null,"optionsType":null,"aboutURL":null,"defaultLocale":{"name":"WebCompat Reporter","description":"Report site compatibility issues on webcompat.com.","creator":null,"homepageURL":null},"visible":true,"active":false,"userDisabled":false,"appDisabled":false,"installDate":1530901397215,"updateDate":1530901397215,"applyBackgroundUpdates":1,"bootstrap":true,"path":"C:\\Program Files (x86)\\Mozilla Firefox\\browser\\features\\webcompat-reporter@mozilla.org.xpi","skinnable":false,"size":12711,"sourceURI":null,"releaseNotesURI":null,"softDisabled":false,"foreignInstall":false,"strictCompatibility":false,"locales":[],"targetApplications":[{"id":"{ec8030f7-c20a-464f-9b0e-13a3a9e97384}","minVersion":"61.0.1","maxVersion":"61.*"}],"targetPlatforms":[],"seen":true,"dependencies":[],"hasEmbeddedWebExtension":false,"userPermissions":null,"icons":{},"iconURL":null,"icon64URL":null,"blocklistState":0,"blocklistURL":null,"startupData":null}
1533699603991	addons.manager	DEBUG	Registering startup change 'installed' for webcompat@mozilla.org
1533699603991	addons.xpi	DEBUG	Loading bootstrap scope from C:\Program Files (x86)\Mozilla Firefox\browser\features\webcompat@mozilla.org.xpi
1533699603992	addons.xpi	DEBUG	Calling bootstrap method install on webcompat@mozilla.org version 2.0
1533699603992	addons.xpi-utils	DEBUG	Make addon app-system-defaults:webcompat@mozilla.org visible
1533699603992	addons.xpi	DEBUG	Updating XPIState for {"id":"webcompat@mozilla.org","syncGUID":"{1c128f91-8905-472f-9fee-e59aca059795}","location":"app-system-defaults","version":"2.0","type":"extension","updateURL":null,"optionsURL":null,"optionsType":null,"aboutURL":null,"defaultLocale":{"name":"Web Compat","description":"Urgent post-release fixes for web compatibility.","creator":null,"homepageURL":null},"visible":true,"active":false,"userDisabled":false,"appDisabled":false,"installDate":1530901397204,"updateDate":1530901397204,"applyBackgroundUpdates":1,"bootstrap":true,"path":"C:\\Program Files (x86)\\Mozilla Firefox\\browser\\features\\webcompat@mozilla.org.xpi","skinnable":false,"size":13138,"sourceURI":null,"releaseNotesURI":null,"softDisabled":false,"foreignInstall":false,"strictCompatibility":false,"locales":[],"targetApplications":[{"id":"{ec8030f7-c20a-464f-9b0e-13a3a9e97384}","minVersion":"61.0.1","maxVersion":"61.*"},{"id":"{aa3c5121-dab2-40e2-81ca-7ea25febc110}","minVersion":"61.0.1","maxVersion":"61.*"}],"targetPlatforms":[],"seen":true,"dependencies":[],"hasEmbeddedWebExtension":true,"userPermissions":null,"icons":{},"iconURL":null,"icon64URL":null,"blocklistState":0,"blocklistURL":null,"startupData":null}
1533699603992	addons.xpi	DEBUG	Updating XPIState for {"id":"activity-stream@mozilla.org","syncGUID":"{50879508-9184-46b6-a8d7-45140aff59f7}","location":"app-system-defaults","version":"2018.06.29.1026-fa231556","type":"extension","updateURL":null,"optionsURL":null,"optionsType":null,"aboutURL":null,"defaultLocale":{"name":"Activity Stream","description":"A rich visual history feed and a reimagined home page make it easier than ever to find exactly what you're looking for in Firefox.","creator":null,"homepageURL":null},"visible":true,"active":true,"userDisabled":false,"appDisabled":false,"installDate":1530901397599,"updateDate":1530901397599,"applyBackgroundUpdates":1,"bootstrap":true,"path":"C:\\Program Files (x86)\\Mozilla Firefox\\browser\\features\\activity-stream@mozilla.org.xpi","skinnable":false,"size":2732420,"sourceURI":null,"releaseNotesURI":null,"softDisabled":false,"foreignInstall":false,"strictCompatibility":false,"locales":[],"targetApplications":[{"id":"{ec8030f7-c20a-464f-9b0e-13a3a9e97384}","minVersion":"61.0.1","maxVersion":"61.*"}],"targetPlatforms":[],"seen":true,"dependencies":[],"hasEmbeddedWebExtension":false,"userPermissions":null,"icons":{},"iconURL":null,"icon64URL":null,"blocklistState":0,"blocklistURL":null,"startupData":null}
1533699603992	addons.xpi	DEBUG	Updating XPIState for {"id":"aushelper@mozilla.org","syncGUID":"{efb9c6b6-e7b3-42f0-bd83-0aeec33c156f}","location":"app-system-defaults","version":"2.0","type":"extension","updateURL":null,"optionsURL":null,"optionsType":null,"aboutURL":null,"defaultLocale":{"name":"Application Update Service Helper","description":"Sets value(s) in the update url based on custom checks.","creator":null,"homepageURL":null},"visible":true,"active":true,"userDisabled":false,"appDisabled":false,"installDate":1530901397322,"updateDate":1530901397322,"applyBackgroundUpdates":1,"bootstrap":true,"path":"C:\\Program Files (x86)\\Mozilla Firefox\\browser\\features\\aushelper@mozilla.org.xpi","skinnable":false,"size":8425,"sourceURI":null,"releaseNotesURI":null,"softDisabled":false,"foreignInstall":false,"strictCompatibility":false,"locales":[],"targetApplications":[{"id":"{ec8030f7-c20a-464f-9b0e-13a3a9e97384}","minVersion":"61.0.1","maxVersion":"61.*"}],"targetPlatforms":[],"seen":true,"dependencies":[],"hasEmbeddedWebExtension":false,"userPermissions":null,"icons":{},"iconURL":null,"icon64URL":null,"blocklistState":0,"blocklistURL":null,"startupData":null}
1533699603992	addons.xpi	DEBUG	Updating XPIState for {"id":"firefox@getpocket.com","syncGUID":"{52274230-5a09-4221-8903-dbb8e436b17f}","location":"app-system-defaults","version":"1.0.5","type":"extension","updateURL":null,"optionsURL":null,"optionsType":null,"aboutURL":null,"defaultLocale":{"name":"Pocket","description":"When you find something you want to view later, put it in Pocket.","creator":null,"homepageURL":null},"visible":true,"active":true,"userDisabled":false,"appDisabled":false,"installDate":1530901397312,"updateDate":1530901397312,"applyBackgroundUpdates":1,"bootstrap":true,"path":"C:\\Program Files (x86)\\Mozilla Firefox\\browser\\features\\firefox@getpocket.com.xpi","skinnable":false,"size":855820,"sourceURI":null,"releaseNotesURI":null,"softDisabled":false,"foreignInstall":false,"strictCompatibility":false,"locales":[],"targetApplications":[{"id":"{ec8030f7-c20a-464f-9b0e-13a3a9e97384}","minVersion":"61.0.1","maxVersion":"61.*"}],"targetPlatforms":[],"seen":true,"dependencies":[],"hasEmbeddedWebExtension":false,"userPermissions":null,"icons":{},"iconURL":null,"icon64URL":null,"blocklistState":0,"blocklistURL":null,"startupData":null}
1533699603992	addons.xpi	DEBUG	Updating XPIState for {"id":"followonsearch@mozilla.com","syncGUID":"{bd4b6f3c-da10-45de-bc8e-8c635b0d47a0}","location":"app-system-defaults","version":"0.9.7","type":"extension","updateURL":null,"optionsURL":null,"optionsType":null,"aboutURL":null,"defaultLocale":{"name":"Follow-on Search Telemetry","description":null,"creator":null,"homepageURL":null},"visible":true,"active":true,"userDisabled":false,"appDisabled":false,"installDate":1530121931557,"updateDate":1530121931557,"applyBackgroundUpdates":1,"bootstrap":true,"path":"C:\\Program Files (x86)\\Mozilla Firefox\\browser\\features\\followonsearch@mozilla.com.xpi","skinnable":false,"size":17903,"sourceURI":null,"releaseNotesURI":null,"softDisabled":false,"foreignInstall":false,"strictCompatibility":false,"locales":[],"targetApplications":[{"id":"{ec8030f7-c20a-464f-9b0e-13a3a9e97384}","minVersion":"52.0","maxVersion":"66.*"}],"targetPlatforms":[],"seen":true,"dependencies":[],"hasEmbeddedWebExtension":false,"userPermissions":null,"icons":{},"iconURL":null,"icon64URL":null,"blocklistState":0,"blocklistURL":null,"startupData":null}
1533699603993	addons.xpi	DEBUG	Updating XPIState for {"id":"formautofill@mozilla.org","syncGUID":"{0aa0b89a-b4a1-4fb6-8220-0509c733eb23}","location":"app-system-defaults","version":"1.0","type":"extension","updateURL":null,"optionsURL":null,"optionsType":null,"aboutURL":null,"defaultLocale":{"name":"Form Autofill","description":"Autofill forms with saved profiles","creator":null,"homepageURL":null},"visible":true,"active":true,"userDisabled":false,"appDisabled":false,"installDate":1530901397273,"updateDate":1530901397273,"applyBackgroundUpdates":1,"bootstrap":true,"path":"C:\\Program Files (x86)\\Mozilla Firefox\\browser\\features\\formautofill@mozilla.org.xpi","skinnable":false,"size":465058,"sourceURI":null,"releaseNotesURI":null,"softDisabled":false,"foreignInstall":false,"strictCompatibility":false,"locales":[],"targetApplications":[{"id":"{ec8030f7-c20a-464f-9b0e-13a3a9e97384}","minVersion":"61.0.1","maxVersion":"61.*"}],"targetPlatforms":[],"seen":true,"dependencies":[],"hasEmbeddedWebExtension":false,"userPermissions":null,"icons":{},"iconURL":null,"icon64URL":null,"blocklistState":0,"blocklistURL":null,"startupData":null}
1533699603993	addons.xpi	DEBUG	Updating XPIState for {"id":"onboarding@mozilla.org","syncGUID":"{5a63127a-2783-4419-aac1-505bcd5e019c}","location":"app-system-defaults","version":"1.0","type":"extension","updateURL":null,"optionsURL":null,"optionsType":null,"aboutURL":null,"defaultLocale":{"name":"Photon onboarding","description":"Photon onboarding","creator":null,"homepageURL":null},"visible":true,"active":true,"userDisabled":false,"appDisabled":false,"installDate":1530901397233,"updateDate":1530901397233,"applyBackgroundUpdates":1,"bootstrap":true,"path":"C:\\Program Files (x86)\\Mozilla Firefox\\browser\\features\\onboarding@mozilla.org.xpi","skinnable":false,"size":564181,"sourceURI":null,"releaseNotesURI":null,"softDisabled":false,"foreignInstall":false,"strictCompatibility":false,"locales":[],"targetApplications":[{"id":"{ec8030f7-c20a-464f-9b0e-13a3a9e97384}","minVersion":"61.0.1","maxVersion":"61.*"}],"targetPlatforms":[],"seen":true,"dependencies":[],"hasEmbeddedWebExtension":false,"userPermissions":null,"icons":{},"iconURL":null,"icon64URL":null,"blocklistState":0,"blocklistURL":null,"startupData":null}
1533699603993	addons.xpi	DEBUG	Updating XPIState for {"id":"screenshots@mozilla.org","syncGUID":"{4ccf0641-4e56-47bc-b38e-aa18d43438a4}","location":"app-system-defaults","version":"32.1.0","type":"extension","updateURL":null,"optionsURL":null,"optionsType":null,"aboutURL":null,"defaultLocale":{"name":"Firefox Screenshots","description":null,"creator":null,"homepageURL":"https://screenshots.firefox.com/"},"visible":true,"active":true,"userDisabled":false,"appDisabled":false,"installDate":1530121931423,"updateDate":1530121931423,"applyBackgroundUpdates":1,"bootstrap":true,"path":"C:\\Program Files (x86)\\Mozilla Firefox\\browser\\features\\screenshots@mozilla.org.xpi","skinnable":false,"size":1002421,"sourceURI":null,"releaseNotesURI":null,"softDisabled":false,"foreignInstall":false,"strictCompatibility":false,"locales":[],"targetApplications":[{"id":"{ec8030f7-c20a-464f-9b0e-13a3a9e97384}","minVersion":"57.0a1","maxVersion":"*"}],"targetPlatforms":[],"seen":true,"dependencies":[],"hasEmbeddedWebExtension":false,"userPermissions":null,"icons":{},"iconURL":null,"icon64URL":null,"blocklistState":0,"blocklistURL":null,"startupData":null}
1533699603993	addons.xpi	DEBUG	Updating XPIState for {"id":"webcompat-reporter@mozilla.org","syncGUID":"{08fa944c-414b-4d99-8090-4d431fb94583}","location":"app-system-defaults","version":"1.0.0","type":"extension","updateURL":null,"optionsURL":null,"optionsType":null,"aboutURL":null,"defaultLocale":{"name":"WebCompat Reporter","description":"Report site compatibility issues on webcompat.com.","creator":null,"homepageURL":null},"visible":true,"active":true,"userDisabled":false,"appDisabled":false,"installDate":1530901397215,"updateDate":1530901397215,"applyBackgroundUpdates":1,"bootstrap":true,"path":"C:\\Program Files (x86)\\Mozilla Firefox\\browser\\features\\webcompat-reporter@mozilla.org.xpi","skinnable":false,"size":12711,"sourceURI":null,"releaseNotesURI":null,"softDisabled":false,"foreignInstall":false,"strictCompatibility":false,"locales":[],"targetApplications":[{"id":"{ec8030f7-c20a-464f-9b0e-13a3a9e97384}","minVersion":"61.0.1","maxVersion":"61.*"}],"targetPlatforms":[],"seen":true,"dependencies":[],"hasEmbeddedWebExtension":false,"userPermissions":null,"icons":{},"iconURL":null,"icon64URL":null,"blocklistState":0,"blocklistURL":null,"startupData":null}
1533699603993	addons.xpi	DEBUG	Updating XPIState for {"id":"webcompat@mozilla.org","syncGUID":"{1c128f91-8905-472f-9fee-e59aca059795}","location":"app-system-defaults","version":"2.0","type":"extension","updateURL":null,"optionsURL":null,"optionsType":null,"aboutURL":null,"defaultLocale":{"name":"Web Compat","description":"Urgent post-release fixes for web compatibility.","creator":null,"homepageURL":null},"visible":true,"active":true,"userDisabled":false,"appDisabled":false,"installDate":1530901397204,"updateDate":1530901397204,"applyBackgroundUpdates":1,"bootstrap":true,"path":"C:\\Program Files (x86)\\Mozilla Firefox\\browser\\features\\webcompat@mozilla.org.xpi","skinnable":false,"size":13138,"sourceURI":null,"releaseNotesURI":null,"softDisabled":false,"foreignInstall":false,"strictCompatibility":false,"locales":[],"targetApplications":[{"id":"{ec8030f7-c20a-464f-9b0e-13a3a9e97384}","minVersion":"61.0.1","maxVersion":"61.*"},{"id":"{aa3c5121-dab2-40e2-81ca-7ea25febc110}","minVersion":"61.0.1","maxVersion":"61.*"}],"targetPlatforms":[],"seen":true,"dependencies":[],"hasEmbeddedWebExtension":true,"userPermissions":null,"icons":{},"iconURL":null,"icon64URL":null,"blocklistState":0,"blocklistURL":null,"startupData":null}
1533699603993	addons.xpi	DEBUG	Updating database with changes to installed add-ons
1533699603993	addons.xpi-utils	DEBUG	Updating add-on states
1533699604017	addons.xpi	DEBUG	Registering manifest for C:\Program Files (x86)\Mozilla Firefox\browser\features\activity-stream@mozilla.org.xpi
1533699604019	addons.xpi	DEBUG	Calling bootstrap method startup on activity-stream@mozilla.org version 2018.06.29.1026-fa231556
1533699604019	addons.xpi	DEBUG	Registering manifest for C:\Program Files (x86)\Mozilla Firefox\browser\features\aushelper@mozilla.org.xpi
1533699604020	addons.xpi	DEBUG	Calling bootstrap method startup on aushelper@mozilla.org version 2.0
1533699604021	addons.xpi	DEBUG	Registering manifest for C:\Program Files (x86)\Mozilla Firefox\browser\features\firefox@getpocket.com.xpi
1533699604022	addons.xpi	DEBUG	Calling bootstrap method startup on firefox@getpocket.com version 1.0.5
1533699604030	addons.xpi	DEBUG	Registering manifest for C:\Program Files (x86)\Mozilla Firefox\browser\features\followonsearch@mozilla.com.xpi
1533699604031	addons.xpi	DEBUG	Calling bootstrap method startup on followonsearch@mozilla.com version 0.9.7
1533699604031	addons.xpi	DEBUG	Registering manifest for C:\Program Files (x86)\Mozilla Firefox\browser\features\formautofill@mozilla.org.xpi
1533699604031	addons.xpi	DEBUG	Calling bootstrap method startup on formautofill@mozilla.org version 1.0
1533699604032	addons.xpi	DEBUG	Registering manifest for C:\Program Files (x86)\Mozilla Firefox\browser\features\onboarding@mozilla.org.xpi
1533699604032	addons.xpi	DEBUG	Calling bootstrap method startup on onboarding@mozilla.org version 1.0
1533699604033	addons.xpi	DEBUG	Registering manifest for C:\Program Files (x86)\Mozilla Firefox\browser\features\screenshots@mozilla.org.xpi
1533699604033	addons.xpi	DEBUG	Calling bootstrap method startup on screenshots@mozilla.org version 32.1.0
1533699604033	addons.xpi	DEBUG	Registering manifest for C:\Program Files (x86)\Mozilla Firefox\browser\features\webcompat-reporter@mozilla.org.xpi
1533699604033	addons.xpi	DEBUG	Calling bootstrap method startup on webcompat-reporter@mozilla.org version 1.0.0
1533699604034	addons.xpi	DEBUG	Registering manifest for C:\Program Files (x86)\Mozilla Firefox\browser\features\webcompat@mozilla.org.xpi
1533699604035	addons.xpi	DEBUG	Calling bootstrap method startup on webcompat@mozilla.org version 2.0
1533699604037	addons.manager	DEBUG	Registering shutdown blocker for XPIProvider
1533699604037	addons.manager	DEBUG	Provider finished startup: XPIProvider
1533699604037	addons.manager	DEBUG	Starting provider: LightweightThemeManager
1533699604037	addons.manager	DEBUG	Registering shutdown blocker for LightweightThemeManager
1533699604037	addons.manager	DEBUG	Provider finished startup: LightweightThemeManager
1533699604037	addons.manager	DEBUG	Starting provider: GMPProvider
1533699604039	addons.manager	DEBUG	Registering shutdown blocker for GMPProvider
1533699604039	addons.manager	DEBUG	Provider finished startup: GMPProvider
1533699604039	addons.manager	DEBUG	Starting provider: PluginProvider
1533699604039	addons.manager	DEBUG	Registering shutdown blocker for PluginProvider
1533699604040	addons.manager	DEBUG	Provider finished startup: PluginProvider
1533699604041	addons.manager	DEBUG	Completed startup sequence
Unable to read VR Path Registry from C:\Users\karlk\AppData\Local\openvr\openvrpaths.vrpath
1533699605271	addons.xpi-utils	DEBUG	XPI Database saved, setting schema version preference to 26
Unable to read VR Path Registry from C:\Users\karlk\AppData\Local\openvr\openvrpaths.vrpath
1533699605504	addons.repository	DEBUG	No addons.json found.
Unable to read VR Path Registry from C:\Users\karlk\AppData\Local\openvr\openvrpaths.vrpath
Unable to read VR Path Registry from C:\Users\karlk\AppData\Local\openvr\openvrpaths.vrpath
Unable to read VR Path Registry from C:\Users\karlk\AppData\Local\openvr\openvrpaths.vrpath
1533699606658	addons.xpi	DEBUG	Existing add-on activity-stream@mozilla.org in app-system-defaults
1533699606658	addons.xpi	DEBUG	Existing add-on aushelper@mozilla.org in app-system-defaults
1533699606658	addons.xpi	DEBUG	Existing add-on firefox@getpocket.com in app-system-defaults
1533699606658	addons.xpi	DEBUG	Existing add-on followonsearch@mozilla.com in app-system-defaults
1533699606659	addons.xpi	DEBUG	Existing add-on formautofill@mozilla.org in app-system-defaults
1533699606659	addons.xpi	DEBUG	Existing add-on onboarding@mozilla.org in app-system-defaults
1533699606659	addons.xpi	DEBUG	Existing add-on screenshots@mozilla.org in app-system-defaults
1533699606659	addons.xpi	DEBUG	Existing add-on webcompat-reporter@mozilla.org in app-system-defaults
1533699606660	addons.xpi	DEBUG	Existing add-on webcompat@mozilla.org in app-system-defaults
1533699606660	addons.xpi	DEBUG	getInstallState changed: false, state: {}
1533699606723	Marionette	INFO	Listening on port 53605
1533699607337	Marionette	WARN	TLS certificate errors will be ignored for this session
1533699747442	addons.productaddons	INFO	sending request to: https://aus5.mozilla.org/update/3/GMP/61.0.1/20180704003137/WINNT_x86_64-msvc-x64/en-US/release/Windows_NT%2010.0.0.0.17134.165%20(x64)/default/default/update.xml
1533699747985	addons.productaddons	INFO	Completed downloading document
1533699750037	addons.productaddons	INFO	downloadXHR File download. status=200
1533699750044	addons.productaddons	INFO	Downloaded file will be saved to C:\Users\karlk\AppData\Local\Temp\tmpaddon-b30da5
1533699762183	addons.productaddons	INFO	downloadXHR File download. status=200
1533699762188	addons.productaddons	INFO	Downloaded file will be saved to C:\Users\karlk\AppData\Local\Temp\tmpaddon-72d35c
1533699994453	addons.manager	DEBUG	Background update check beginning
1533699994454	addons.manager	DEBUG	Background update check complete
1533702188664	addons.xpi	DEBUG	Calling bootstrap method shutdown on webcompat@mozilla.org version 2.0
1533702188664	addons.xpi	DEBUG	Calling bootstrap method shutdown on webcompat-reporter@mozilla.org version 1.0.0
1533702188665	addons.xpi	DEBUG	Calling bootstrap method shutdown on screenshots@mozilla.org version 32.1.0
1533702188667	addons.xpi	DEBUG	Calling bootstrap method shutdown on onboarding@mozilla.org version 1.0
1533702188668	addons.xpi	DEBUG	Calling bootstrap method shutdown on formautofill@mozilla.org version 1.0
1533702188668	addons.xpi	DEBUG	Calling bootstrap method shutdown on followonsearch@mozilla.com version 0.9.7
1533702188668	addons.xpi	DEBUG	Calling bootstrap method shutdown on firefox@getpocket.com version 1.0.5
1533702188669	addons.xpi	DEBUG	Calling bootstrap method shutdown on aushelper@mozilla.org version 2.0
1533702188669	addons.xpi	DEBUG	Calling bootstrap method shutdown on activity-stream@mozilla.org version 2018.06.29.1026-fa231556
[Child 3436, Chrome_Chi[Parent 12584, GeldThread] WARNING: pipe error: cko_IOTh109: file zread] WARNING: pipe error: 109: file z:/b:/builuild/bud/build/ild/src/ipc/chromium/src/chrome/common/ipc_chansrc/ipc/nel_win.cc, line 346
chromium/src/chrome/common/ipc_channel_win.cc, line 346
[Child 3436, Chrome_ChildThre[Child 11724, Chrome_ChildThread] WARNING: pipe error: 109: file z:/build/build/src/ipc/chromium/src/chrome/common/ipc_channel_win.cc, line 346
[Child 11724, Chrome_[Parent 12584, Gecko_IOThread] WARNING: pipe error: 109: file z:/build/build/src/ipc/chromium/src/chrome/common/ipc_channel_win.cc, line 346
1533702188736	addons.manager	DEBUG	shutdown
1533702188737	addons.manager	DEBUG	Calling shutdown blocker for XPIProvider
1533702188737	addons.xpi	DEBUG	shutdown
1533702188737	addons.xpi-utils	DEBUG	shutdown
1533702188737	addons.manager	DEBUG	Calling shutdown blocker for LightweightThemeManager
1533702188737	addons.manager	DEBUG	Calling shutdown blocker for GMPProvider
1533702188737	addons.manager	DEBUG	Calling shutdown blocker for PluginProvider
1533702188742	addons.manager	DEBUG	Async provider shutdown done
[GPU 11720, Chrome_ChildThread] 
###!!! [Child][MessageChannel::SendAndWait] Error: Channel error: cannot send/recv

